
> genuai-backend@1.0.0 start
> ts-node src/index.ts

[dotenv@17.3.1] injecting env (12) from .env -- tip: ⚙️  suppress all logs with { quiet: true }
[dotenv@17.3.1] injecting env (0) from .env -- tip: 🛡️ auth for agents: https://vestauth.com
[dotenv@17.3.1] injecting env (0) from .env -- tip: ⚙️  write to custom object with { processEnv: myObject }
[dotenv@17.3.1] injecting env (0) from .env -- tip: ⚙️  specify custom .env file path with { path: '/custom/path/.env' }
GenuAI server running on port 3000
Connected to RDS PostgreSQL successfully!

> genuai-backend@1.0.0 start
> ts-node src/index.ts

[dotenv@17.3.1] injecting env (12) from .env -- tip: ⚙️  enable debug logging with { debug: true }
[dotenv@17.3.1] injecting env (0) from .env -- tip: 🔐 prevent building .env in docker: https://dotenvx.com/prebuild
[dotenv@17.3.1] injecting env (0) from .env -- tip: ⚙️  write to custom object with { processEnv: myObject }
[dotenv@17.3.1] injecting env (0) from .env -- tip: ⚡️ secrets for agents: https://dotenvx.com/as2
GenuAI server running on port 3000
Connected to RDS PostgreSQL successfully!

> genuai-backend@1.0.0 start
> ts-node src/index.ts

[dotenv@17.3.1] injecting env (12) from .env -- tip: ⚙️  override existing env vars with { override: true }
[dotenv@17.3.1] injecting env (0) from .env -- tip: ⚙️  override existing env vars with { override: true }
[dotenv@17.3.1] injecting env (0) from .env -- tip: ⚙️  suppress all logs with { quiet: true }
[dotenv@17.3.1] injecting env (0) from .env -- tip: ⚙️  load multiple .env files with { path: ['.env.local', '.env'] }
GenuAI server running on port 3000
Connected to RDS PostgreSQL successfully!

> genuai-backend@1.0.0 start
> ts-node src/index.ts

[dotenv@17.3.1] injecting env (12) from .env -- tip: 🛡️ auth for agents: https://vestauth.com
[dotenv@17.3.1] injecting env (0) from .env -- tip: ⚙️  suppress all logs with { quiet: true }
[dotenv@17.3.1] injecting env (0) from .env -- tip: ⚙️  suppress all logs with { quiet: true }
[dotenv@17.3.1] injecting env (0) from .env -- tip: ⚙️  write to custom object with { processEnv: myObject }
GenuAI server running on port 3000
Connected to RDS PostgreSQL successfully!

> genuai-backend@1.0.0 start
> ts-node src/index.ts

[dotenv@17.3.1] injecting env (12) from .env -- tip: ⚙️  override existing env vars with { override: true }
[dotenv@17.3.1] injecting env (0) from .env -- tip: ⚙️  specify custom .env file path with { path: '/custom/path/.env' }
[dotenv@17.3.1] injecting env (0) from .env -- tip: 🔐 encrypt with Dotenvx: https://dotenvx.com
[dotenv@17.3.1] injecting env (0) from .env -- tip: ⚡️ secrets for agents: https://dotenvx.com/as2
GenuAI server running on port 3000
Connected to RDS PostgreSQL successfully!

> genuai-backend@1.0.0 start
> ts-node src/index.ts

[dotenv@17.3.1] injecting env (12) from .env -- tip: ⚙️  override existing env vars with { override: true }
[dotenv@17.3.1] injecting env (0) from .env -- tip: ⚙️  write to custom object with { processEnv: myObject }
[dotenv@17.3.1] injecting env (0) from .env -- tip: 🔐 encrypt with Dotenvx: https://dotenvx.com
[dotenv@17.3.1] injecting env (0) from .env -- tip: ⚙️  suppress all logs with { quiet: true }
GenuAI server running on port 3000
Connected to RDS PostgreSQL successfully!

> genuai-backend@1.0.0 start
> ts-node src/index.ts

[dotenv@17.3.1] injecting env (12) from .env -- tip: 🔐 encrypt with Dotenvx: https://dotenvx.com
[dotenv@17.3.1] injecting env (0) from .env -- tip: ⚡️ secrets for agents: https://dotenvx.com/as2
[dotenv@17.3.1] injecting env (0) from .env -- tip: 🛡️ auth for agents: https://vestauth.com
[dotenv@17.3.1] injecting env (0) from .env -- tip: ⚙️  enable debug logging with { debug: true }
GenuAI server running on port 3000
Connected to RDS PostgreSQL successfully!

> genuai-backend@1.0.0 start
> ts-node src/index.ts

[dotenv@17.3.1] injecting env (12) from .env -- tip: ⚙️  suppress all logs with { quiet: true }
[dotenv@17.3.1] injecting env (0) from .env -- tip: ⚡️ secrets for agents: https://dotenvx.com/as2
[dotenv@17.3.1] injecting env (0) from .env -- tip: ⚙️  suppress all logs with { quiet: true }
[dotenv@17.3.1] injecting env (0) from .env -- tip: 🛡️ auth for agents: https://vestauth.com
GenuAI server running on port 3000
Connected to RDS PostgreSQL successfully!

> genuai-backend@1.0.0 start
> ts-node src/index.ts

[dotenv@17.3.1] injecting env (12) from .env -- tip: ⚙️  enable debug logging with { debug: true }
[dotenv@17.3.1] injecting env (0) from .env -- tip: ⚙️  load multiple .env files with { path: ['.env.local', '.env'] }
[dotenv@17.3.1] injecting env (0) from .env -- tip: ⚙️  load multiple .env files with { path: ['.env.local', '.env'] }
[dotenv@17.3.1] injecting env (0) from .env -- tip: 🔐 encrypt with Dotenvx: https://dotenvx.com
GenuAI server running on port 3000
Connected to RDS PostgreSQL successfully!

> genuai-backend@1.0.0 start
> ts-node src/index.ts

[dotenv@17.3.1] injecting env (12) from .env -- tip: ⚙️  specify custom .env file path with { path: '/custom/path/.env' }
[dotenv@17.3.1] injecting env (0) from .env -- tip: ⚙️  specify custom .env file path with { path: '/custom/path/.env' }
[dotenv@17.3.1] injecting env (0) from .env -- tip: 🔐 prevent building .env in docker: https://dotenvx.com/prebuild
[dotenv@17.3.1] injecting env (0) from .env -- tip: ⚙️  load multiple .env files with { path: ['.env.local', '.env'] }
GenuAI server running on port 3000
Connected to RDS PostgreSQL successfully!

> genuai-backend@1.0.0 start
> ts-node src/index.ts

[dotenv@17.3.1] injecting env (12) from .env -- tip: ⚙️  write to custom object with { processEnv: myObject }
[dotenv@17.3.1] injecting env (0) from .env -- tip: ⚙️  suppress all logs with { quiet: true }
[dotenv@17.3.1] injecting env (0) from .env -- tip: ⚙️  enable debug logging with { debug: true }
[dotenv@17.3.1] injecting env (0) from .env -- tip: 🤖 agentic secret storage: https://dotenvx.com/as2
GenuAI server running on port 3000
Connected to RDS PostgreSQL successfully!

> genuai-backend@1.0.0 start
> ts-node src/index.ts

[dotenv@17.3.1] injecting env (12) from .env -- tip: 🔐 prevent building .env in docker: https://dotenvx.com/prebuild
[dotenv@17.3.1] injecting env (0) from .env -- tip: ⚙️  write to custom object with { processEnv: myObject }
[dotenv@17.3.1] injecting env (0) from .env -- tip: ⚙️  override existing env vars with { override: true }
[dotenv@17.3.1] injecting env (0) from .env -- tip: 🤖 agentic secret storage: https://dotenvx.com/as2
GenuAI server running on port 3000
Connected to RDS PostgreSQL successfully!

> genuai-backend@1.0.0 start
> ts-node src/index.ts

[dotenv@17.3.1] injecting env (12) from .env -- tip: 🔐 prevent committing .env to code: https://dotenvx.com/precommit
[dotenv@17.3.1] injecting env (0) from .env -- tip: ⚙️  write to custom object with { processEnv: myObject }
[dotenv@17.3.1] injecting env (0) from .env -- tip: ⚡️ secrets for agents: https://dotenvx.com/as2
[dotenv@17.3.1] injecting env (0) from .env -- tip: ⚙️  write to custom object with { processEnv: myObject }
GenuAI server running on port 3000
Connected to RDS PostgreSQL successfully!

> genuai-backend@1.0.0 start
> ts-node src/index.ts

[dotenv@17.3.1] injecting env (12) from .env -- tip: ⚙️  override existing env vars with { override: true }
[dotenv@17.3.1] injecting env (0) from .env -- tip: ⚡️ secrets for agents: https://dotenvx.com/as2
[dotenv@17.3.1] injecting env (0) from .env -- tip: ⚙️  load multiple .env files with { path: ['.env.local', '.env'] }
[dotenv@17.3.1] injecting env (0) from .env -- tip: ⚙️  load multiple .env files with { path: ['.env.local', '.env'] }
GenuAI server running on port 3000
Connected to RDS PostgreSQL successfully!

> genuai-backend@1.0.0 start
> ts-node src/index.ts

[dotenv@17.3.1] injecting env (12) from .env -- tip: 🛡️ auth for agents: https://vestauth.com
[dotenv@17.3.1] injecting env (0) from .env -- tip: ⚙️  enable debug logging with { debug: true }
[dotenv@17.3.1] injecting env (0) from .env -- tip: 🤖 agentic secret storage: https://dotenvx.com/as2
[dotenv@17.3.1] injecting env (0) from .env -- tip: ⚙️  enable debug logging with { debug: true }
GenuAI server running on port 3000
Connected to RDS PostgreSQL successfully!

> genuai-backend@1.0.0 start
> ts-node src/index.ts

[dotenv@17.3.1] injecting env (12) from .env -- tip: ⚡️ secrets for agents: https://dotenvx.com/as2
[dotenv@17.3.1] injecting env (0) from .env -- tip: 🔐 prevent committing .env to code: https://dotenvx.com/precommit
[dotenv@17.3.1] injecting env (0) from .env -- tip: ⚙️  enable debug logging with { debug: true }
[dotenv@17.3.1] injecting env (0) from .env -- tip: 🔐 prevent committing .env to code: https://dotenvx.com/precommit
GenuAI server running on port 3000
Connected to RDS PostgreSQL successfully!

> genuai-backend@1.0.0 start
> ts-node src/index.ts

[dotenv@17.3.1] injecting env (13) from .env -- tip: ⚙️  override existing env vars with { override: true }
[dotenv@17.3.1] injecting env (0) from .env -- tip: ⚙️  enable debug logging with { debug: true }
[dotenv@17.3.1] injecting env (0) from .env -- tip: 🔐 encrypt with Dotenvx: https://dotenvx.com
[dotenv@17.3.1] injecting env (0) from .env -- tip: 🔐 prevent building .env in docker: https://dotenvx.com/prebuild
GenuAI server running on port 3000
Connected to RDS PostgreSQL successfully!

> genuai-backend@1.0.0 start
> ts-node src/index.ts

[dotenv@17.3.1] injecting env (13) from .env -- tip: ⚙️  enable debug logging with { debug: true }
[dotenv@17.3.1] injecting env (0) from .env -- tip: ⚙️  enable debug logging with { debug: true }
[dotenv@17.3.1] injecting env (0) from .env -- tip: ⚙️  specify custom .env file path with { path: '/custom/path/.env' }
[dotenv@17.3.1] injecting env (0) from .env -- tip: ⚙️  suppress all logs with { quiet: true }
[dotenv@17.3.1] injecting env (0) from .env -- tip: ⚙️  override existing env vars with { override: true }
GenuAI server running on port 3000
Connected to RDS PostgreSQL successfully!

> genuai-backend@1.0.0 start
> ts-node src/index.ts

[dotenv@17.3.1] injecting env (13) from .env -- tip: 🛠️  run anywhere with `dotenvx run -- yourcommand`
[dotenv@17.3.1] injecting env (0) from .env -- tip: 🤖 agentic secret storage: https://dotenvx.com/as2
[dotenv@17.3.1] injecting env (0) from .env -- tip: ⚙️  write to custom object with { processEnv: myObject }
[dotenv@17.3.1] injecting env (0) from .env -- tip: ⚙️  write to custom object with { processEnv: myObject }
[dotenv@17.3.1] injecting env (0) from .env -- tip: ⚙️  load multiple .env files with { path: ['.env.local', '.env'] }
GenuAI server running on port 3000
Connected to RDS PostgreSQL successfully!

> genuai-backend@1.0.0 start
> ts-node src/index.ts

[dotenv@17.3.1] injecting env (13) from .env -- tip: 🤖 agentic secret storage: https://dotenvx.com/as2
[dotenv@17.3.1] injecting env (0) from .env -- tip: 🔐 prevent committing .env to code: https://dotenvx.com/precommit
[dotenv@17.3.1] injecting env (0) from .env -- tip: 🤖 agentic secret storage: https://dotenvx.com/as2
[dotenv@17.3.1] injecting env (0) from .env -- tip: 🔐 prevent committing .env to code: https://dotenvx.com/precommit
[dotenv@17.3.1] injecting env (0) from .env -- tip: 🛠️  run anywhere with `dotenvx run -- yourcommand`
GenuAI server running on port 3000
Connected to RDS PostgreSQL successfully!

> genuai-backend@1.0.0 start
> ts-node src/index.ts

[dotenv@17.3.1] injecting env (13) from .env -- tip: ⚙️  override existing env vars with { override: true }
[dotenv@17.3.1] injecting env (0) from .env -- tip: ⚙️  specify custom .env file path with { path: '/custom/path/.env' }
[dotenv@17.3.1] injecting env (0) from .env -- tip: 🛡️ auth for agents: https://vestauth.com
[dotenv@17.3.1] injecting env (0) from .env -- tip: ⚙️  load multiple .env files with { path: ['.env.local', '.env'] }
[dotenv@17.3.1] injecting env (0) from .env -- tip: ⚡️ secrets for agents: https://dotenvx.com/as2
GenuAI server running on port 3000
Connected to RDS PostgreSQL successfully!

> genuai-backend@1.0.0 start
> ts-node src/index.ts


> genuai-backend@1.0.0 start
> ts-node src/index.ts


> genuai-backend@1.0.0 start
> ts-node src/index.ts


> genuai-backend@1.0.0 start
> ts-node src/index.ts


> genuai-backend@1.0.0 start
> ts-node src/index.ts


> genuai-backend@1.0.0 start
> ts-node src/index.ts


> genuai-backend@1.0.0 start
> ts-node src/index.ts


> genuai-backend@1.0.0 start
> ts-node src/index.ts


> genuai-backend@1.0.0 start
> ts-node src/index.ts


> genuai-backend@1.0.0 start
> ts-node src/index.ts


> genuai-backend@1.0.0 start
> ts-node src/index.ts


> genuai-backend@1.0.0 start
> ts-node src/index.ts


> genuai-backend@1.0.0 start
> ts-node src/index.ts


> genuai-backend@1.0.0 start
> ts-node src/index.ts


> genuai-backend@1.0.0 start
> ts-node src/index.ts


> genuai-backend@1.0.0 start
> ts-node src/index.ts


> genuai-backend@1.0.0 start
> ts-node src/index.ts


> genuai-backend@1.0.0 start
> ts-node src/index.ts


> genuai-backend@1.0.0 start
> ts-node src/index.ts


> genuai-backend@1.0.0 start
> ts-node src/index.ts


> genuai-backend@1.0.0 start
> ts-node src/index.ts


> genuai-backend@1.0.0 start
> ts-node src/index.ts


> genuai-backend@1.0.0 start
> ts-node src/index.ts


> genuai-backend@1.0.0 start
> ts-node src/index.ts


> genuai-backend@1.0.0 start
> ts-node src/index.ts


> genuai-backend@1.0.0 start
> ts-node src/index.ts


> genuai-backend@1.0.0 start
> ts-node src/index.ts


> genuai-backend@1.0.0 start
> ts-node src/index.ts


> genuai-backend@1.0.0 start
> ts-node src/index.ts


> genuai-backend@1.0.0 start
> ts-node src/index.ts


> genuai-backend@1.0.0 start
> ts-node src/index.ts


> genuai-backend@1.0.0 start
> ts-node src/index.ts


> genuai-backend@1.0.0 start
> ts-node src/index.ts


> genuai-backend@1.0.0 start
> ts-node src/index.ts


> genuai-backend@1.0.0 start
> ts-node src/index.ts


> genuai-backend@1.0.0 start
> ts-node src/index.ts


> genuai-backend@1.0.0 start
> ts-node src/index.ts


> genuai-backend@1.0.0 start
> ts-node src/index.ts


> genuai-backend@1.0.0 start
> ts-node src/index.ts


> genuai-backend@1.0.0 start
> ts-node src/index.ts


> genuai-backend@1.0.0 start
> ts-node src/index.ts


> genuai-backend@1.0.0 start
> ts-node src/index.ts


> genuai-backend@1.0.0 start
> ts-node src/index.ts


> genuai-backend@1.0.0 start
> ts-node src/index.ts


> genuai-backend@1.0.0 start
> ts-node src/index.ts


> genuai-backend@1.0.0 start
> ts-node src/index.ts


> genuai-backend@1.0.0 start
> ts-node src/index.ts


> genuai-backend@1.0.0 start
> ts-node src/index.ts


> genuai-backend@1.0.0 start
> ts-node src/index.ts


> genuai-backend@1.0.0 start
> ts-node src/index.ts


> genuai-backend@1.0.0 start
> ts-node src/index.ts


> genuai-backend@1.0.0 start
> ts-node src/index.ts


> genuai-backend@1.0.0 start
> ts-node src/index.ts


> genuai-backend@1.0.0 start
> ts-node src/index.ts


> genuai-backend@1.0.0 start
> ts-node src/index.ts


> genuai-backend@1.0.0 start
> ts-node src/index.ts


> genuai-backend@1.0.0 start
> ts-node src/index.ts


> genuai-backend@1.0.0 start
> ts-node src/index.ts


> genuai-backend@1.0.0 start
> ts-node src/index.ts


> genuai-backend@1.0.0 start
> ts-node src/index.ts


> genuai-backend@1.0.0 start
> ts-node src/index.ts


> genuai-backend@1.0.0 start
> ts-node src/index.ts


> genuai-backend@1.0.0 start
> ts-node src/index.ts


> genuai-backend@1.0.0 start
> ts-node src/index.ts


> genuai-backend@1.0.0 start
> ts-node src/index.ts


> genuai-backend@1.0.0 start
> ts-node src/index.ts


> genuai-backend@1.0.0 start
> ts-node src/index.ts


> genuai-backend@1.0.0 start
> ts-node src/index.ts


> genuai-backend@1.0.0 start
> ts-node src/index.ts


> genuai-backend@1.0.0 start
> ts-node src/index.ts


> genuai-backend@1.0.0 start
> ts-node src/index.ts


> genuai-backend@1.0.0 start
> ts-node src/index.ts


> genuai-backend@1.0.0 start
> ts-node src/index.ts


> genuai-backend@1.0.0 start
> ts-node src/index.ts


> genuai-backend@1.0.0 start
> ts-node src/index.ts


> genuai-backend@1.0.0 start
> ts-node src/index.ts


> genuai-backend@1.0.0 start
> ts-node src/index.ts


> genuai-backend@1.0.0 start
> ts-node src/index.ts


> genuai-backend@1.0.0 start
> ts-node src/index.ts


> genuai-backend@1.0.0 start
> ts-node src/index.ts


> genuai-backend@1.0.0 start
> ts-node src/index.ts


> genuai-backend@1.0.0 start
> ts-node src/index.ts


> genuai-backend@1.0.0 start
> ts-node src/index.ts

[dotenv@17.3.1] injecting env (13) from .env -- tip: ⚙️  write to custom object with { processEnv: myObject }
[dotenv@17.3.1] injecting env (0) from .env -- tip: 🔐 encrypt with Dotenvx: https://dotenvx.com
[dotenv@17.3.1] injecting env (0) from .env -- tip: 🛠️  run anywhere with `dotenvx run -- yourcommand`
[dotenv@17.3.1] injecting env (0) from .env -- tip: ⚙️  load multiple .env files with { path: ['.env.local', '.env'] }
[dotenv@17.3.1] injecting env (0) from .env -- tip: 🤖 agentic secret storage: https://dotenvx.com/as2
GenuAI server running on port 3000
Connected to RDS PostgreSQL successfully!

> genuai-backend@1.0.0 start
> ts-node src/index.ts

[dotenv@17.3.1] injecting env (13) from .env -- tip: 🛡️ auth for agents: https://vestauth.com
[dotenv@17.3.1] injecting env (0) from .env -- tip: 🔐 encrypt with Dotenvx: https://dotenvx.com
[dotenv@17.3.1] injecting env (0) from .env -- tip: 🔐 encrypt with Dotenvx: https://dotenvx.com
[dotenv@17.3.1] injecting env (0) from .env -- tip: ⚙️  write to custom object with { processEnv: myObject }
[dotenv@17.3.1] injecting env (0) from .env -- tip: 🛡️ auth for agents: https://vestauth.com
GenuAI server running on port 3000
Connected to RDS PostgreSQL successfully!

> genuai-backend@1.0.0 start
> ts-node src/index.ts

[dotenv@17.3.1] injecting env (13) from .env -- tip: ⚙️  specify custom .env file path with { path: '/custom/path/.env' }
[dotenv@17.3.1] injecting env (0) from .env -- tip: ⚙️  suppress all logs with { quiet: true }
[dotenv@17.3.1] injecting env (0) from .env -- tip: ⚙️  write to custom object with { processEnv: myObject }
[dotenv@17.3.1] injecting env (0) from .env -- tip: ⚙️  load multiple .env files with { path: ['.env.local', '.env'] }
[dotenv@17.3.1] injecting env (0) from .env -- tip: 🤖 agentic secret storage: https://dotenvx.com/as2
GenuAI server running on port 3000
Connected to RDS PostgreSQL successfully!

> genuai-backend@1.0.0 start
> ts-node src/index.ts

[dotenv@17.3.1] injecting env (13) from .env -- tip: ⚙️  specify custom .env file path with { path: '/custom/path/.env' }
[dotenv@17.3.1] injecting env (0) from .env -- tip: ⚙️  suppress all logs with { quiet: true }
[dotenv@17.3.1] injecting env (0) from .env -- tip: ⚙️  override existing env vars with { override: true }
[dotenv@17.3.1] injecting env (0) from .env -- tip: 🔐 prevent committing .env to code: https://dotenvx.com/precommit
[dotenv@17.3.1] injecting env (0) from .env -- tip: ⚙️  enable debug logging with { debug: true }
GenuAI server running on port 3000
Connected to RDS PostgreSQL successfully!

> genuai-backend@1.0.0 start
> ts-node src/index.ts

[dotenv@17.3.1] injecting env (13) from .env -- tip: 🔐 prevent committing .env to code: https://dotenvx.com/precommit
[dotenv@17.3.1] injecting env (0) from .env -- tip: 🛠️  run anywhere with `dotenvx run -- yourcommand`
[dotenv@17.3.1] injecting env (0) from .env -- tip: ⚙️  specify custom .env file path with { path: '/custom/path/.env' }
[dotenv@17.3.1] injecting env (0) from .env -- tip: ⚙️  specify custom .env file path with { path: '/custom/path/.env' }
[dotenv@17.3.1] injecting env (0) from .env -- tip: ⚙️  write to custom object with { processEnv: myObject }
GenuAI server running on port 3000
Connected to RDS PostgreSQL successfully!

> genuai-backend@1.0.0 start
> ts-node src/index.ts


> genuai-backend@1.0.0 start
> ts-node src/index.ts


> genuai-backend@1.0.0 start
> ts-node src/index.ts


> genuai-backend@1.0.0 start
> ts-node src/index.ts


> genuai-backend@1.0.0 start
> ts-node src/index.ts


> genuai-backend@1.0.0 start
> ts-node src/index.ts


> genuai-backend@1.0.0 start
> ts-node src/index.ts


> genuai-backend@1.0.0 start
> ts-node src/index.ts


> genuai-backend@1.0.0 start
> ts-node src/index.ts


> genuai-backend@1.0.0 start
> ts-node src/index.ts


> genuai-backend@1.0.0 start
> ts-node src/index.ts


> genuai-backend@1.0.0 start
> ts-node src/index.ts


> genuai-backend@1.0.0 start
> ts-node src/index.ts


> genuai-backend@1.0.0 start
> ts-node src/index.ts


> genuai-backend@1.0.0 start
> ts-node src/index.ts

[dotenv@17.3.1] injecting env (13) from .env -- tip: ⚙️  override existing env vars with { override: true }
[dotenv@17.3.1] injecting env (0) from .env -- tip: ⚙️  specify custom .env file path with { path: '/custom/path/.env' }
[dotenv@17.3.1] injecting env (0) from .env -- tip: ⚙️  suppress all logs with { quiet: true }
[dotenv@17.3.1] injecting env (0) from .env -- tip: ⚙️  write to custom object with { processEnv: myObject }
[dotenv@17.3.1] injecting env (0) from .env -- tip: ⚙️  specify custom .env file path with { path: '/custom/path/.env' }
GenuAI server running on port 3000
Connected to RDS PostgreSQL successfully!

> genuai-backend@1.0.0 start
> ts-node src/index.ts

[dotenv@17.3.1] injecting env (13) from .env -- tip: 🔐 encrypt with Dotenvx: https://dotenvx.com
[dotenv@17.3.1] injecting env (0) from .env -- tip: 🤖 agentic secret storage: https://dotenvx.com/as2
[dotenv@17.3.1] injecting env (0) from .env -- tip: 🛡️ auth for agents: https://vestauth.com
[dotenv@17.3.1] injecting env (0) from .env -- tip: ⚡️ secrets for agents: https://dotenvx.com/as2
[dotenv@17.3.1] injecting env (0) from .env -- tip: ⚡️ secrets for agents: https://dotenvx.com/as2
GenuAI server running on port 3000
Connected to RDS PostgreSQL successfully!

> genuai-backend@1.0.0 start
> ts-node src/index.ts

[dotenv@17.3.1] injecting env (13) from .env -- tip: ⚙️  specify custom .env file path with { path: '/custom/path/.env' }
[dotenv@17.3.1] injecting env (0) from .env -- tip: ⚙️  enable debug logging with { debug: true }
[dotenv@17.3.1] injecting env (0) from .env -- tip: ⚙️  load multiple .env files with { path: ['.env.local', '.env'] }
[dotenv@17.3.1] injecting env (0) from .env -- tip: ⚡️ secrets for agents: https://dotenvx.com/as2
[dotenv@17.3.1] injecting env (0) from .env -- tip: 🔐 prevent building .env in docker: https://dotenvx.com/prebuild
GenuAI server running on port 3000
Connected to RDS PostgreSQL successfully!
Email send failed (ignored): Email address is not verified. The following identities failed the check in region AP-SOUTH-1: candidate@demo.genuai.com

> genuai-backend@1.0.0 start
> ts-node src/index.ts

[dotenv@17.3.1] injecting env (13) from .env -- tip: 🔐 encrypt with Dotenvx: https://dotenvx.com
[dotenv@17.3.1] injecting env (0) from .env -- tip: ⚙️  override existing env vars with { override: true }
[dotenv@17.3.1] injecting env (0) from .env -- tip: ⚙️  write to custom object with { processEnv: myObject }
[dotenv@17.3.1] injecting env (0) from .env -- tip: 🔐 encrypt with Dotenvx: https://dotenvx.com
[dotenv@17.3.1] injecting env (0) from .env -- tip: 🛠️  run anywhere with `dotenvx run -- yourcommand`
GenuAI server running on port 3000
Connected to RDS PostgreSQL successfully!

> genuai-backend@1.0.0 start
> ts-node src/index.ts

[dotenv@17.3.1] injecting env (13) from .env -- tip: ⚙️  write to custom object with { processEnv: myObject }
[dotenv@17.3.1] injecting env (0) from .env -- tip: ⚙️  write to custom object with { processEnv: myObject }
[dotenv@17.3.1] injecting env (0) from .env -- tip: 🔐 encrypt with Dotenvx: https://dotenvx.com
[dotenv@17.3.1] injecting env (0) from .env -- tip: ⚙️  enable debug logging with { debug: true }
GenuAI server running on port 3000
Connected to RDS PostgreSQL successfully!

> genuai-backend@1.0.0 start
> ts-node src/index.ts

[dotenv@17.3.1] injecting env (13) from .env -- tip: 🔐 encrypt with Dotenvx: https://dotenvx.com
[dotenv@17.3.1] injecting env (0) from .env -- tip: 🔐 prevent committing .env to code: https://dotenvx.com/precommit
[dotenv@17.3.1] injecting env (0) from .env -- tip: ⚙️  load multiple .env files with { path: ['.env.local', '.env'] }
[dotenv@17.3.1] injecting env (0) from .env -- tip: ⚙️  write to custom object with { processEnv: myObject }
GenuAI server running on port 3000
Connected to RDS PostgreSQL successfully!

> genuai-backend@1.0.0 start
> ts-node src/index.ts

[dotenv@17.3.1] injecting env (13) from .env -- tip: 🔐 prevent committing .env to code: https://dotenvx.com/precommit
[dotenv@17.3.1] injecting env (0) from .env -- tip: 🔐 encrypt with Dotenvx: https://dotenvx.com
[dotenv@17.3.1] injecting env (0) from .env -- tip: ⚙️  specify custom .env file path with { path: '/custom/path/.env' }
[dotenv@17.3.1] injecting env (0) from .env -- tip: ⚙️  override existing env vars with { override: true }
GenuAI server running on port 3000
Connected to RDS PostgreSQL successfully!

> genuai-backend@1.0.0 start
> ts-node src/index.ts

[dotenv@17.3.1] injecting env (13) from .env -- tip: 🔐 encrypt with Dotenvx: https://dotenvx.com
[dotenv@17.3.1] injecting env (0) from .env -- tip: 🛡️ auth for agents: https://vestauth.com
[dotenv@17.3.1] injecting env (0) from .env -- tip: ⚡️ secrets for agents: https://dotenvx.com/as2
[dotenv@17.3.1] injecting env (0) from .env -- tip: ⚙️  suppress all logs with { quiet: true }
GenuAI server running on port 3000
Connected to RDS PostgreSQL successfully!
