2026-03-12T12:28:10: PM2 log: ===============================================================================
2026-03-12T12:28:10: PM2 log: --- New PM2 Daemon started ----------------------------------------------------
2026-03-12T12:28:10: PM2 log: Time                 : Thu Mar 12 2026 12:28:10 GMT+0000 (Coordinated Universal Time)
2026-03-12T12:28:10: PM2 log: PM2 version          : 6.0.14
2026-03-12T12:28:10: PM2 log: Node.js version      : 20.20.1
2026-03-12T12:28:10: PM2 log: Current arch         : x64
2026-03-12T12:28:10: PM2 log: PM2 home             : /home/ubuntu/.pm2
2026-03-12T12:28:10: PM2 log: PM2 PID file         : /home/ubuntu/.pm2/pm2.pid
2026-03-12T12:28:10: PM2 log: RPC socket file      : /home/ubuntu/.pm2/rpc.sock
2026-03-12T12:28:10: PM2 log: BUS socket file      : /home/ubuntu/.pm2/pub.sock
2026-03-12T12:28:10: PM2 log: Application log path : /home/ubuntu/.pm2/logs
2026-03-12T12:28:10: PM2 log: Worker Interval      : 30000
2026-03-12T12:28:10: PM2 log: Process dump file    : /home/ubuntu/.pm2/dump.pm2
2026-03-12T12:28:10: PM2 log: Concurrent actions   : 2
2026-03-12T12:28:10: PM2 log: SIGTERM timeout      : 1600
2026-03-12T12:28:10: PM2 log: Runtime Binary       : /usr/bin/node
2026-03-12T12:28:10: PM2 log: ===============================================================================
2026-03-12T12:28:10: PM2 log: App [genuai-api:0] starting in -fork mode-
2026-03-12T12:28:10: PM2 log: App [genuai-api:0] online
2026-03-13T06:31:12: PM2 log: ===============================================================================
2026-03-13T06:31:12: PM2 log: --- New PM2 Daemon started ----------------------------------------------------
2026-03-13T06:31:12: PM2 log: Time                 : Fri Mar 13 2026 06:31:12 GMT+0000 (Coordinated Universal Time)
2026-03-13T06:31:12: PM2 log: PM2 version          : 6.0.14
2026-03-13T06:31:12: PM2 log: Node.js version      : 20.20.1
2026-03-13T06:31:12: PM2 log: Current arch         : x64
2026-03-13T06:31:12: PM2 log: PM2 home             : /home/ubuntu/.pm2
2026-03-13T06:31:12: PM2 log: PM2 PID file         : /home/ubuntu/.pm2/pm2.pid
2026-03-13T06:31:12: PM2 log: RPC socket file      : /home/ubuntu/.pm2/rpc.sock
2026-03-13T06:31:12: PM2 log: BUS socket file      : /home/ubuntu/.pm2/pub.sock
2026-03-13T06:31:12: PM2 log: Application log path : /home/ubuntu/.pm2/logs
2026-03-13T06:31:12: PM2 log: Worker Interval      : 30000
2026-03-13T06:31:12: PM2 log: Process dump file    : /home/ubuntu/.pm2/dump.pm2
2026-03-13T06:31:12: PM2 log: Concurrent actions   : 2
2026-03-13T06:31:12: PM2 log: SIGTERM timeout      : 1600
2026-03-13T06:31:12: PM2 log: Runtime Binary       : /usr/bin/node
2026-03-13T06:31:12: PM2 log: ===============================================================================
2026-03-13T06:31:12: PM2 log: App [genuai-api:0] starting in -fork mode-
2026-03-13T06:31:12: PM2 log: App [genuai-api:0] online
2026-03-13T09:18:48: PM2 log: Stopping app:genuai-api id:0
2026-03-13T09:18:48: PM2 log: App [genuai-api:0] exited with code [0] via signal [SIGINT]
2026-03-13T09:18:48: PM2 log: pid=796 msg=process killed
2026-03-13T09:18:48: PM2 log: App [genuai-api:0] starting in -fork mode-
2026-03-13T09:18:48: PM2 log: App [genuai-api:0] online
2026-03-13T10:26:19: PM2 log: Stopping app:genuai-api id:0
2026-03-13T10:26:19: PM2 log: App [genuai-api:0] exited with code [0] via signal [SIGINT]
2026-03-13T10:26:19: PM2 log: pid=2463 msg=process killed
2026-03-13T10:26:19: PM2 log: App [genuai-api:0] starting in -fork mode-
2026-03-13T10:26:19: PM2 log: App [genuai-api:0] online
2026-03-14T05:59:07: PM2 log: Stopping app:genuai-api id:0
2026-03-14T05:59:07: PM2 log: App [genuai-api:0] exited with code [0] via signal [SIGINT]
2026-03-14T05:59:07: PM2 log: pid=3250 msg=process killed
2026-03-14T05:59:07: PM2 log: App [genuai-api:0] starting in -fork mode-
2026-03-14T05:59:07: PM2 log: App [genuai-api:0] online
2026-03-14T06:47:35: PM2 log: App [genuai-api:0] exited with code [137] via signal [SIGINT]
2026-03-14T06:47:35: PM2 log: App [genuai-api:0] starting in -fork mode-
2026-03-14T06:47:35: PM2 log: App [genuai-api:0] online
2026-03-14T06:47:36: PM2 log: Stopping app:genuai-api id:0
2026-03-14T06:47:36: PM2 log: App [genuai-api:0] exited with code [0] via signal [SIGINT]
2026-03-14T06:47:36: PM2 log: pid=10816 msg=process killed
2026-03-14T06:47:36: PM2 log: PM2 successfully stopped
2026-03-14T06:47:37: PM2 log: ===============================================================================
2026-03-14T06:47:37: PM2 log: --- New PM2 Daemon started ----------------------------------------------------
2026-03-14T06:47:37: PM2 log: Time                 : Sat Mar 14 2026 06:47:37 GMT+0000 (Coordinated Universal Time)
2026-03-14T06:47:37: PM2 log: PM2 version          : 6.0.14
2026-03-14T06:47:37: PM2 log: Node.js version      : 20.20.1
2026-03-14T06:47:37: PM2 log: Current arch         : x64
2026-03-14T06:47:37: PM2 log: PM2 home             : /home/ubuntu/.pm2
2026-03-14T06:47:37: PM2 log: PM2 PID file         : /home/ubuntu/.pm2/pm2.pid
2026-03-14T06:47:37: PM2 log: RPC socket file      : /home/ubuntu/.pm2/rpc.sock
2026-03-14T06:47:37: PM2 log: BUS socket file      : /home/ubuntu/.pm2/pub.sock
2026-03-14T06:47:37: PM2 log: Application log path : /home/ubuntu/.pm2/logs
2026-03-14T06:47:37: PM2 log: Worker Interval      : 30000
2026-03-14T06:47:37: PM2 log: Process dump file    : /home/ubuntu/.pm2/dump.pm2
2026-03-14T06:47:37: PM2 log: Concurrent actions   : 2
2026-03-14T06:47:37: PM2 log: SIGTERM timeout      : 1600
2026-03-14T06:47:37: PM2 log: Runtime Binary       : /usr/bin/node
2026-03-14T06:47:37: PM2 log: ===============================================================================
2026-03-14T06:47:37: PM2 log: App [genuai-api:0] starting in -fork mode-
2026-03-14T06:47:37: PM2 log: App [genuai-api:0] online
2026-03-14T06:52:06: PM2 log: Stopping app:genuai-api id:0
2026-03-14T06:52:06: PM2 log: App [genuai-api:0] exited with code [0] via signal [SIGINT]
2026-03-14T06:52:06: PM2 log: pid=10901 msg=process killed
2026-03-14T06:52:06: PM2 log: App [genuai-api:0] starting in -fork mode-
2026-03-14T06:52:06: PM2 log: App [genuai-api:0] online
2026-03-15T06:02:53: PM2 log: Stopping app:genuai-api id:0
2026-03-15T06:02:53: PM2 log: App [genuai-api:0] exited with code [0] via signal [SIGINT]
2026-03-15T06:02:53: PM2 log: pid=11106 msg=process killed
2026-03-15T06:02:53: PM2 log: App [genuai-api:0] starting in -fork mode-
2026-03-15T06:02:53: PM2 log: App [genuai-api:0] online
2026-03-17T08:27:28: PM2 log: Stopping app:genuai-api id:0
2026-03-17T08:27:28: PM2 log: App [genuai-api:0] exited with code [0] via signal [SIGINT]
2026-03-17T08:27:28: PM2 log: pid=15112 msg=process killed
2026-03-17T08:27:28: PM2 log: App [genuai-api:0] starting in -fork mode-
2026-03-17T08:27:28: PM2 log: App [genuai-api:0] online
2026-03-19T17:09:06: PM2 log: Stopping app:genuai-api id:0
2026-03-19T17:09:06: PM2 log: App [genuai-api:0] exited with code [0] via signal [SIGINT]
2026-03-19T17:09:06: PM2 log: pid=31366 msg=process killed
2026-03-19T17:09:07: PM2 log: PM2 successfully stopped
2026-03-19T17:09:28: PM2 log: ===============================================================================
2026-03-19T17:09:28: PM2 log: --- New PM2 Daemon started ----------------------------------------------------
2026-03-19T17:09:28: PM2 log: Time                 : Thu Mar 19 2026 17:09:28 GMT+0000 (Coordinated Universal Time)
2026-03-19T17:09:28: PM2 log: PM2 version          : 6.0.14
2026-03-19T17:09:28: PM2 log: Node.js version      : 20.20.1
2026-03-19T17:09:28: PM2 log: Current arch         : x64
2026-03-19T17:09:28: PM2 log: PM2 home             : /home/ubuntu/.pm2
2026-03-19T17:09:28: PM2 log: PM2 PID file         : /home/ubuntu/.pm2/pm2.pid
2026-03-19T17:09:28: PM2 log: RPC socket file      : /home/ubuntu/.pm2/rpc.sock
2026-03-19T17:09:28: PM2 log: BUS socket file      : /home/ubuntu/.pm2/pub.sock
2026-03-19T17:09:28: PM2 log: Application log path : /home/ubuntu/.pm2/logs
2026-03-19T17:09:28: PM2 log: Worker Interval      : 30000
2026-03-19T17:09:28: PM2 log: Process dump file    : /home/ubuntu/.pm2/dump.pm2
2026-03-19T17:09:28: PM2 log: Concurrent actions   : 2
2026-03-19T17:09:28: PM2 log: SIGTERM timeout      : 1600
2026-03-19T17:09:28: PM2 log: Runtime Binary       : /usr/bin/node
2026-03-19T17:09:28: PM2 log: ===============================================================================
2026-03-19T17:09:28: PM2 log: App [genuai-api:0] starting in -fork mode-
2026-03-19T17:09:28: PM2 log: App [genuai-api:0] online
2026-03-19T17:13:35: PM2 log: ===============================================================================
2026-03-19T17:13:35: PM2 log: --- New PM2 Daemon started ----------------------------------------------------
2026-03-19T17:13:35: PM2 log: Time                 : Thu Mar 19 2026 17:13:35 GMT+0000 (Coordinated Universal Time)
2026-03-19T17:13:35: PM2 log: PM2 version          : 6.0.14
2026-03-19T17:13:35: PM2 log: Node.js version      : 20.20.1
2026-03-19T17:13:35: PM2 log: Current arch         : x64
2026-03-19T17:13:35: PM2 log: PM2 home             : /home/ubuntu/.pm2
2026-03-19T17:13:35: PM2 log: PM2 PID file         : /home/ubuntu/.pm2/pm2.pid
2026-03-19T17:13:35: PM2 log: RPC socket file      : /home/ubuntu/.pm2/rpc.sock
2026-03-19T17:13:35: PM2 log: BUS socket file      : /home/ubuntu/.pm2/pub.sock
2026-03-19T17:13:35: PM2 log: Application log path : /home/ubuntu/.pm2/logs
2026-03-19T17:13:35: PM2 log: Worker Interval      : 30000
2026-03-19T17:13:35: PM2 log: Process dump file    : /home/ubuntu/.pm2/dump.pm2
2026-03-19T17:13:35: PM2 log: Concurrent actions   : 2
2026-03-19T17:13:35: PM2 log: SIGTERM timeout      : 1600
2026-03-19T17:13:35: PM2 log: Runtime Binary       : /usr/bin/node
2026-03-19T17:13:35: PM2 log: ===============================================================================
2026-03-19T17:13:35: PM2 log: App [genuai-api:0] starting in -fork mode-
2026-03-19T17:13:35: PM2 log: App [genuai-api:0] online
2026-03-19T17:31:00: PM2 log: Stopping app:genuai-api id:0
2026-03-19T17:31:00: PM2 log: App [genuai-api:0] exited with code [0] via signal [SIGINT]
2026-03-19T17:31:00: PM2 log: pid=798 msg=process killed
2026-03-19T17:31:00: PM2 log: App [genuai-api:0] starting in -fork mode-
2026-03-19T17:31:00: PM2 log: App [genuai-api:0] online
2026-03-19T17:32:06: PM2 log: Stopping app:genuai-api id:0
2026-03-19T17:32:07: PM2 log: App [genuai-api:0] exited with code [0] via signal [SIGINT]
2026-03-19T17:32:07: PM2 log: pid=1249 msg=process killed
2026-03-19T17:32:07: PM2 log: App [genuai-api:0] starting in -fork mode-
2026-03-19T17:32:07: PM2 log: App [genuai-api:0] online
2026-03-19T17:32:34: PM2 log: Stopping app:genuai-api id:0
2026-03-19T17:32:34: PM2 log: App [genuai-api:0] exited with code [0] via signal [SIGINT]
2026-03-19T17:32:34: PM2 log: pid=1312 msg=process killed
2026-03-19T17:32:34: PM2 log: App [genuai-api:0] starting in -fork mode-
2026-03-19T17:32:34: PM2 log: App [genuai-api:0] online
2026-03-19T17:34:06: PM2 log: Stopping app:genuai-api id:0
2026-03-19T17:34:06: PM2 log: App [genuai-api:0] exited with code [0] via signal [SIGINT]
2026-03-19T17:34:06: PM2 log: pid=1373 msg=process killed
2026-03-19T17:34:06: PM2 log: App [genuai-api:0] starting in -fork mode-
2026-03-19T17:34:06: PM2 log: App [genuai-api:0] online
2026-03-19T18:08:09: PM2 log: Stopping app:genuai-api id:0
2026-03-19T18:08:09: PM2 log: App [genuai-api:0] exited with code [0] via signal [SIGINT]
2026-03-19T18:08:09: PM2 log: pid=1448 msg=process killed
2026-03-19T18:08:09: PM2 log: App [genuai-api:0] starting in -fork mode-
2026-03-19T18:08:09: PM2 log: App [genuai-api:0] online
2026-03-19T18:09:45: PM2 log: Stopping app:genuai-api id:0
2026-03-19T18:09:45: PM2 log: App [genuai-api:0] exited with code [0] via signal [SIGINT]
2026-03-19T18:09:45: PM2 log: pid=2007 msg=process killed
2026-03-19T18:09:45: PM2 log: App [genuai-api:0] starting in -fork mode-
2026-03-19T18:09:45: PM2 log: App [genuai-api:0] online
2026-03-19T18:12:31: PM2 log: Stopping app:genuai-api id:0
2026-03-19T18:12:31: PM2 log: App [genuai-api:0] exited with code [0] via signal [SIGINT]
2026-03-19T18:12:31: PM2 log: pid=2071 msg=process killed
2026-03-19T18:12:31: PM2 log: App [genuai-api:0] starting in -fork mode-
2026-03-19T18:12:31: PM2 log: App [genuai-api:0] online
2026-03-19T18:14:54: PM2 log: Stopping app:genuai-api id:0
2026-03-19T18:14:54: PM2 log: App [genuai-api:0] exited with code [0] via signal [SIGINT]
2026-03-19T18:14:54: PM2 log: pid=2147 msg=process killed
2026-03-19T18:14:54: PM2 log: App [genuai-api:0] starting in -fork mode-
2026-03-19T18:14:54: PM2 log: App [genuai-api:0] online
2026-04-01T09:30:44: PM2 log: Stopping app:genuai-api id:0
2026-04-01T09:30:44: PM2 log: App [genuai-api:0] exited with code [0] via signal [SIGINT]
2026-04-01T09:30:44: PM2 log: pid=2225 msg=process killed
2026-04-01T09:30:44: PM2 log: App [genuai-api:0] starting in -fork mode-
2026-04-01T09:30:44: PM2 log: App [genuai-api:0] online
2026-04-02T08:53:20: PM2 log: Stopping app:genuai-api id:0
2026-04-02T08:53:20: PM2 log: App [genuai-api:0] exited with code [0] via signal [SIGINT]
2026-04-02T08:53:20: PM2 log: pid=72293 msg=process killed
2026-04-02T08:53:20: PM2 log: App [genuai-api:0] starting in -fork mode-
2026-04-02T08:53:20: PM2 log: App [genuai-api:0] online
2026-04-02T17:51:43: PM2 log: Stopping app:genuai-api id:0
2026-04-02T17:51:43: PM2 log: App [genuai-api:0] exited with code [0] via signal [SIGINT]
2026-04-02T17:51:43: PM2 log: pid=77079 msg=process killed
2026-04-02T17:51:43: PM2 log: App [genuai-api:0] starting in -fork mode-
2026-04-02T17:51:43: PM2 log: App [genuai-api:0] online
2026-04-02T17:51:48: PM2 log: App [genuai-api:0] exited with code [1] via signal [SIGINT]
2026-04-02T17:51:48: PM2 log: App [genuai-api:0] starting in -fork mode-
2026-04-02T17:51:48: PM2 log: App [genuai-api:0] online
2026-04-02T17:51:52: PM2 log: App [genuai-api:0] exited with code [1] via signal [SIGINT]
2026-04-02T17:51:52: PM2 log: App [genuai-api:0] starting in -fork mode-
2026-04-02T17:51:52: PM2 log: App [genuai-api:0] online
2026-04-02T17:51:56: PM2 log: App [genuai-api:0] exited with code [1] via signal [SIGINT]
2026-04-02T17:51:56: PM2 log: App [genuai-api:0] starting in -fork mode-
2026-04-02T17:51:56: PM2 log: App [genuai-api:0] online
2026-04-02T17:52:00: PM2 log: App [genuai-api:0] exited with code [1] via signal [SIGINT]
2026-04-02T17:52:00: PM2 log: App [genuai-api:0] starting in -fork mode-
2026-04-02T17:52:00: PM2 log: App [genuai-api:0] online
2026-04-02T17:52:05: PM2 log: App [genuai-api:0] exited with code [1] via signal [SIGINT]
2026-04-02T17:52:05: PM2 log: App [genuai-api:0] starting in -fork mode-
2026-04-02T17:52:05: PM2 log: App [genuai-api:0] online
2026-04-02T17:52:09: PM2 log: App [genuai-api:0] exited with code [1] via signal [SIGINT]
2026-04-02T17:52:09: PM2 log: App [genuai-api:0] starting in -fork mode-
2026-04-02T17:52:09: PM2 log: App [genuai-api:0] online
2026-04-02T17:52:13: PM2 log: App [genuai-api:0] exited with code [1] via signal [SIGINT]
2026-04-02T17:52:13: PM2 log: App [genuai-api:0] starting in -fork mode-
2026-04-02T17:52:13: PM2 log: App [genuai-api:0] online
2026-04-02T17:52:17: PM2 log: App [genuai-api:0] exited with code [1] via signal [SIGINT]
2026-04-02T17:52:17: PM2 log: App [genuai-api:0] starting in -fork mode-
2026-04-02T17:52:17: PM2 log: App [genuai-api:0] online
2026-04-02T17:52:21: PM2 log: App [genuai-api:0] exited with code [1] via signal [SIGINT]
2026-04-02T17:52:21: PM2 log: App [genuai-api:0] starting in -fork mode-
2026-04-02T17:52:21: PM2 log: App [genuai-api:0] online
2026-04-02T17:52:25: PM2 log: App [genuai-api:0] exited with code [1] via signal [SIGINT]
2026-04-02T17:52:25: PM2 log: App [genuai-api:0] starting in -fork mode-
2026-04-02T17:52:25: PM2 log: App [genuai-api:0] online
2026-04-02T17:52:29: PM2 log: App [genuai-api:0] exited with code [1] via signal [SIGINT]
2026-04-02T17:52:29: PM2 log: App [genuai-api:0] starting in -fork mode-
2026-04-02T17:52:29: PM2 log: App [genuai-api:0] online
2026-04-02T17:52:33: PM2 log: App [genuai-api:0] exited with code [1] via signal [SIGINT]
2026-04-02T17:52:33: PM2 log: App [genuai-api:0] starting in -fork mode-
2026-04-02T17:52:33: PM2 log: App [genuai-api:0] online
2026-04-02T17:52:37: PM2 log: App [genuai-api:0] exited with code [1] via signal [SIGINT]
2026-04-02T17:52:37: PM2 log: App [genuai-api:0] starting in -fork mode-
2026-04-02T17:52:37: PM2 log: App [genuai-api:0] online
2026-04-02T17:52:41: PM2 log: App [genuai-api:0] exited with code [1] via signal [SIGINT]
2026-04-02T17:52:41: PM2 log: App [genuai-api:0] starting in -fork mode-
2026-04-02T17:52:41: PM2 log: App [genuai-api:0] online
2026-04-02T17:52:47: PM2 log: App [genuai-api:0] exited with code [1] via signal [SIGINT]
2026-04-02T17:52:47: PM2 log: App [genuai-api:0] starting in -fork mode-
2026-04-02T17:52:47: PM2 log: App [genuai-api:0] online
2026-04-02T17:52:53: PM2 log: App [genuai-api:0] exited with code [1] via signal [SIGINT]
2026-04-02T17:52:53: PM2 log: App [genuai-api:0] starting in -fork mode-
2026-04-02T17:52:53: PM2 log: App [genuai-api:0] online
2026-04-02T17:52:57: PM2 log: App [genuai-api:0] exited with code [1] via signal [SIGINT]
2026-04-02T17:52:57: PM2 log: App [genuai-api:0] starting in -fork mode-
2026-04-02T17:52:57: PM2 log: App [genuai-api:0] online
2026-04-02T17:53:00: PM2 log: App [genuai-api:0] exited with code [1] via signal [SIGINT]
2026-04-02T17:53:00: PM2 log: App [genuai-api:0] starting in -fork mode-
2026-04-02T17:53:00: PM2 log: App [genuai-api:0] online
2026-04-02T17:53:05: PM2 log: App [genuai-api:0] exited with code [1] via signal [SIGINT]
2026-04-02T17:53:05: PM2 log: App [genuai-api:0] starting in -fork mode-
2026-04-02T17:53:05: PM2 log: App [genuai-api:0] online
2026-04-02T17:53:09: PM2 log: App [genuai-api:0] exited with code [1] via signal [SIGINT]
2026-04-02T17:53:09: PM2 log: App [genuai-api:0] starting in -fork mode-
2026-04-02T17:53:09: PM2 log: App [genuai-api:0] online
2026-04-02T17:53:13: PM2 log: App [genuai-api:0] exited with code [1] via signal [SIGINT]
2026-04-02T17:53:13: PM2 log: App [genuai-api:0] starting in -fork mode-
2026-04-02T17:53:13: PM2 log: App [genuai-api:0] online
2026-04-02T17:53:17: PM2 log: App [genuai-api:0] exited with code [1] via signal [SIGINT]
2026-04-02T17:53:17: PM2 log: App [genuai-api:0] starting in -fork mode-
2026-04-02T17:53:17: PM2 log: App [genuai-api:0] online
2026-04-02T17:53:21: PM2 log: App [genuai-api:0] exited with code [1] via signal [SIGINT]
2026-04-02T17:53:21: PM2 log: App [genuai-api:0] starting in -fork mode-
2026-04-02T17:53:21: PM2 log: App [genuai-api:0] online
2026-04-02T17:53:25: PM2 log: App [genuai-api:0] exited with code [1] via signal [SIGINT]
2026-04-02T17:53:25: PM2 log: App [genuai-api:0] starting in -fork mode-
2026-04-02T17:53:25: PM2 log: App [genuai-api:0] online
2026-04-02T17:53:29: PM2 log: App [genuai-api:0] exited with code [1] via signal [SIGINT]
2026-04-02T17:53:29: PM2 log: App [genuai-api:0] starting in -fork mode-
2026-04-02T17:53:29: PM2 log: App [genuai-api:0] online
2026-04-02T17:53:32: PM2 log: App [genuai-api:0] exited with code [1] via signal [SIGINT]
2026-04-02T17:53:32: PM2 log: App [genuai-api:0] starting in -fork mode-
2026-04-02T17:53:32: PM2 log: App [genuai-api:0] online
2026-04-02T17:53:36: PM2 log: App [genuai-api:0] exited with code [1] via signal [SIGINT]
2026-04-02T17:53:36: PM2 log: App [genuai-api:0] starting in -fork mode-
2026-04-02T17:53:36: PM2 log: App [genuai-api:0] online
2026-04-02T17:53:40: PM2 log: App [genuai-api:0] exited with code [1] via signal [SIGINT]
2026-04-02T17:53:40: PM2 log: App [genuai-api:0] starting in -fork mode-
2026-04-02T17:53:40: PM2 log: App [genuai-api:0] online
2026-04-02T17:53:44: PM2 log: App [genuai-api:0] exited with code [1] via signal [SIGINT]
2026-04-02T17:53:44: PM2 log: App [genuai-api:0] starting in -fork mode-
2026-04-02T17:53:44: PM2 log: App [genuai-api:0] online
2026-04-02T17:53:48: PM2 log: App [genuai-api:0] exited with code [1] via signal [SIGINT]
2026-04-02T17:53:48: PM2 log: App [genuai-api:0] starting in -fork mode-
2026-04-02T17:53:48: PM2 log: App [genuai-api:0] online
2026-04-02T17:53:52: PM2 log: App [genuai-api:0] exited with code [1] via signal [SIGINT]
2026-04-02T17:53:52: PM2 log: App [genuai-api:0] starting in -fork mode-
2026-04-02T17:53:52: PM2 log: App [genuai-api:0] online
2026-04-02T17:53:57: PM2 log: App [genuai-api:0] exited with code [1] via signal [SIGINT]
2026-04-02T17:53:57: PM2 log: App [genuai-api:0] starting in -fork mode-
2026-04-02T17:53:57: PM2 log: App [genuai-api:0] online
2026-04-02T17:54:04: PM2 log: App [genuai-api:0] exited with code [1] via signal [SIGINT]
2026-04-02T17:54:04: PM2 log: App [genuai-api:0] starting in -fork mode-
2026-04-02T17:54:04: PM2 log: App [genuai-api:0] online
2026-04-02T17:54:08: PM2 log: App [genuai-api:0] exited with code [1] via signal [SIGINT]
2026-04-02T17:54:08: PM2 log: App [genuai-api:0] starting in -fork mode-
2026-04-02T17:54:08: PM2 log: App [genuai-api:0] online
2026-04-02T17:54:12: PM2 log: App [genuai-api:0] exited with code [1] via signal [SIGINT]
2026-04-02T17:54:12: PM2 log: App [genuai-api:0] starting in -fork mode-
2026-04-02T17:54:12: PM2 log: App [genuai-api:0] online
2026-04-02T17:54:16: PM2 log: App [genuai-api:0] exited with code [1] via signal [SIGINT]
2026-04-02T17:54:16: PM2 log: App [genuai-api:0] starting in -fork mode-
2026-04-02T17:54:16: PM2 log: App [genuai-api:0] online
2026-04-02T17:54:20: PM2 log: App [genuai-api:0] exited with code [1] via signal [SIGINT]
2026-04-02T17:54:20: PM2 log: App [genuai-api:0] starting in -fork mode-
2026-04-02T17:54:20: PM2 log: App [genuai-api:0] online
2026-04-02T17:54:24: PM2 log: App [genuai-api:0] exited with code [1] via signal [SIGINT]
2026-04-02T17:54:24: PM2 log: App [genuai-api:0] starting in -fork mode-
2026-04-02T17:54:24: PM2 log: App [genuai-api:0] online
2026-04-02T17:54:28: PM2 log: App [genuai-api:0] exited with code [1] via signal [SIGINT]
2026-04-02T17:54:28: PM2 log: App [genuai-api:0] starting in -fork mode-
2026-04-02T17:54:28: PM2 log: App [genuai-api:0] online
2026-04-02T17:54:32: PM2 log: App [genuai-api:0] exited with code [1] via signal [SIGINT]
2026-04-02T17:54:32: PM2 log: App [genuai-api:0] starting in -fork mode-
2026-04-02T17:54:32: PM2 log: App [genuai-api:0] online
2026-04-02T17:54:36: PM2 log: App [genuai-api:0] exited with code [1] via signal [SIGINT]
2026-04-02T17:54:36: PM2 log: App [genuai-api:0] starting in -fork mode-
2026-04-02T17:54:36: PM2 log: App [genuai-api:0] online
2026-04-02T17:54:40: PM2 log: App [genuai-api:0] exited with code [1] via signal [SIGINT]
2026-04-02T17:54:40: PM2 log: App [genuai-api:0] starting in -fork mode-
2026-04-02T17:54:40: PM2 log: App [genuai-api:0] online
2026-04-02T17:54:44: PM2 log: App [genuai-api:0] exited with code [1] via signal [SIGINT]
2026-04-02T17:54:44: PM2 log: App [genuai-api:0] starting in -fork mode-
2026-04-02T17:54:44: PM2 log: App [genuai-api:0] online
2026-04-02T17:54:48: PM2 log: App [genuai-api:0] exited with code [1] via signal [SIGINT]
2026-04-02T17:54:48: PM2 log: App [genuai-api:0] starting in -fork mode-
2026-04-02T17:54:48: PM2 log: App [genuai-api:0] online
2026-04-02T17:54:52: PM2 log: App [genuai-api:0] exited with code [1] via signal [SIGINT]
2026-04-02T17:54:52: PM2 log: App [genuai-api:0] starting in -fork mode-
2026-04-02T17:54:52: PM2 log: App [genuai-api:0] online
2026-04-02T17:54:56: PM2 log: App [genuai-api:0] exited with code [1] via signal [SIGINT]
2026-04-02T17:54:56: PM2 log: App [genuai-api:0] starting in -fork mode-
2026-04-02T17:54:56: PM2 log: App [genuai-api:0] online
2026-04-02T17:55:00: PM2 log: App [genuai-api:0] exited with code [1] via signal [SIGINT]
2026-04-02T17:55:00: PM2 log: App [genuai-api:0] starting in -fork mode-
2026-04-02T17:55:00: PM2 log: App [genuai-api:0] online
2026-04-02T17:55:05: PM2 log: App [genuai-api:0] exited with code [1] via signal [SIGINT]
2026-04-02T17:55:05: PM2 log: App [genuai-api:0] starting in -fork mode-
2026-04-02T17:55:05: PM2 log: App [genuai-api:0] online
2026-04-02T17:55:09: PM2 log: App [genuai-api:0] exited with code [1] via signal [SIGINT]
2026-04-02T17:55:09: PM2 log: App [genuai-api:0] starting in -fork mode-
2026-04-02T17:55:09: PM2 log: App [genuai-api:0] online
2026-04-02T17:55:13: PM2 log: App [genuai-api:0] exited with code [1] via signal [SIGINT]
2026-04-02T17:55:13: PM2 log: App [genuai-api:0] starting in -fork mode-
2026-04-02T17:55:13: PM2 log: App [genuai-api:0] online
2026-04-02T17:55:17: PM2 log: App [genuai-api:0] exited with code [1] via signal [SIGINT]
2026-04-02T17:55:17: PM2 log: App [genuai-api:0] starting in -fork mode-
2026-04-02T17:55:17: PM2 log: App [genuai-api:0] online
2026-04-02T17:55:21: PM2 log: App [genuai-api:0] exited with code [1] via signal [SIGINT]
2026-04-02T17:55:21: PM2 log: App [genuai-api:0] starting in -fork mode-
2026-04-02T17:55:21: PM2 log: App [genuai-api:0] online
2026-04-02T17:55:25: PM2 log: App [genuai-api:0] exited with code [1] via signal [SIGINT]
2026-04-02T17:55:25: PM2 log: App [genuai-api:0] starting in -fork mode-
2026-04-02T17:55:25: PM2 log: App [genuai-api:0] online
2026-04-02T17:55:29: PM2 log: App [genuai-api:0] exited with code [1] via signal [SIGINT]
2026-04-02T17:55:29: PM2 log: App [genuai-api:0] starting in -fork mode-
2026-04-02T17:55:29: PM2 log: App [genuai-api:0] online
2026-04-02T17:55:33: PM2 log: App [genuai-api:0] exited with code [1] via signal [SIGINT]
2026-04-02T17:55:33: PM2 log: App [genuai-api:0] starting in -fork mode-
2026-04-02T17:55:33: PM2 log: App [genuai-api:0] online
2026-04-02T17:55:37: PM2 log: App [genuai-api:0] exited with code [1] via signal [SIGINT]
2026-04-02T17:55:37: PM2 log: App [genuai-api:0] starting in -fork mode-
2026-04-02T17:55:37: PM2 log: App [genuai-api:0] online
2026-04-02T17:55:41: PM2 log: App [genuai-api:0] exited with code [1] via signal [SIGINT]
2026-04-02T17:55:41: PM2 log: App [genuai-api:0] starting in -fork mode-
2026-04-02T17:55:41: PM2 log: App [genuai-api:0] online
2026-04-02T17:55:45: PM2 log: App [genuai-api:0] exited with code [1] via signal [SIGINT]
2026-04-02T17:55:45: PM2 log: App [genuai-api:0] starting in -fork mode-
2026-04-02T17:55:45: PM2 log: App [genuai-api:0] online
2026-04-02T17:55:49: PM2 log: App [genuai-api:0] exited with code [1] via signal [SIGINT]
2026-04-02T17:55:49: PM2 log: App [genuai-api:0] starting in -fork mode-
2026-04-02T17:55:49: PM2 log: App [genuai-api:0] online
2026-04-02T17:55:53: PM2 log: App [genuai-api:0] exited with code [1] via signal [SIGINT]
2026-04-02T17:55:53: PM2 log: App [genuai-api:0] starting in -fork mode-
2026-04-02T17:55:53: PM2 log: App [genuai-api:0] online
2026-04-02T17:55:56: PM2 log: App [genuai-api:0] exited with code [1] via signal [SIGINT]
2026-04-02T17:55:56: PM2 log: App [genuai-api:0] starting in -fork mode-
2026-04-02T17:55:56: PM2 log: App [genuai-api:0] online
2026-04-02T17:56:00: PM2 log: App [genuai-api:0] exited with code [1] via signal [SIGINT]
2026-04-02T17:56:00: PM2 log: App [genuai-api:0] starting in -fork mode-
2026-04-02T17:56:00: PM2 log: App [genuai-api:0] online
2026-04-02T17:56:05: PM2 log: App [genuai-api:0] exited with code [1] via signal [SIGINT]
2026-04-02T17:56:05: PM2 log: App [genuai-api:0] starting in -fork mode-
2026-04-02T17:56:05: PM2 log: App [genuai-api:0] online
2026-04-02T17:56:12: PM2 log: App [genuai-api:0] exited with code [1] via signal [SIGINT]
2026-04-02T17:56:12: PM2 log: App [genuai-api:0] starting in -fork mode-
2026-04-02T17:56:12: PM2 log: App [genuai-api:0] online
2026-04-02T17:56:17: PM2 log: App [genuai-api:0] exited with code [1] via signal [SIGINT]
2026-04-02T17:56:17: PM2 log: App [genuai-api:0] starting in -fork mode-
2026-04-02T17:56:17: PM2 log: App [genuai-api:0] online
2026-04-02T17:56:21: PM2 log: App [genuai-api:0] exited with code [1] via signal [SIGINT]
2026-04-02T17:56:21: PM2 log: App [genuai-api:0] starting in -fork mode-
2026-04-02T17:56:21: PM2 log: App [genuai-api:0] online
2026-04-02T17:56:25: PM2 log: App [genuai-api:0] exited with code [1] via signal [SIGINT]
2026-04-02T17:56:25: PM2 log: App [genuai-api:0] starting in -fork mode-
2026-04-02T17:56:25: PM2 log: App [genuai-api:0] online
2026-04-02T17:56:29: PM2 log: App [genuai-api:0] exited with code [1] via signal [SIGINT]
2026-04-02T17:56:29: PM2 log: App [genuai-api:0] starting in -fork mode-
2026-04-02T17:56:29: PM2 log: App [genuai-api:0] online
2026-04-02T17:56:33: PM2 log: App [genuai-api:0] exited with code [1] via signal [SIGINT]
2026-04-02T17:56:33: PM2 log: App [genuai-api:0] starting in -fork mode-
2026-04-02T17:56:33: PM2 log: App [genuai-api:0] online
2026-04-02T17:56:37: PM2 log: App [genuai-api:0] exited with code [1] via signal [SIGINT]
2026-04-02T17:56:37: PM2 log: App [genuai-api:0] starting in -fork mode-
2026-04-02T17:56:37: PM2 log: App [genuai-api:0] online
2026-04-02T17:56:41: PM2 log: App [genuai-api:0] exited with code [1] via signal [SIGINT]
2026-04-02T17:56:41: PM2 log: App [genuai-api:0] starting in -fork mode-
2026-04-02T17:56:41: PM2 log: App [genuai-api:0] online
2026-04-02T17:56:45: PM2 log: App [genuai-api:0] exited with code [1] via signal [SIGINT]
2026-04-02T17:56:45: PM2 log: App [genuai-api:0] starting in -fork mode-
2026-04-02T17:56:45: PM2 log: App [genuai-api:0] online
2026-04-02T17:56:49: PM2 log: App [genuai-api:0] exited with code [1] via signal [SIGINT]
2026-04-02T17:56:49: PM2 log: App [genuai-api:0] starting in -fork mode-
2026-04-02T17:56:49: PM2 log: App [genuai-api:0] online
2026-04-02T17:56:52: PM2 log: App [genuai-api:0] exited with code [1] via signal [SIGINT]
2026-04-02T17:56:52: PM2 log: App [genuai-api:0] starting in -fork mode-
2026-04-02T17:56:52: PM2 log: App [genuai-api:0] online
2026-04-02T17:56:56: PM2 log: App [genuai-api:0] exited with code [1] via signal [SIGINT]
2026-04-02T17:56:56: PM2 log: App [genuai-api:0] starting in -fork mode-
2026-04-02T17:56:56: PM2 log: App [genuai-api:0] online
2026-04-02T17:57:00: PM2 log: App [genuai-api:0] exited with code [1] via signal [SIGINT]
2026-04-02T17:57:00: PM2 log: App [genuai-api:0] starting in -fork mode-
2026-04-02T17:57:00: PM2 log: App [genuai-api:0] online
2026-04-02T17:57:05: PM2 log: App [genuai-api:0] exited with code [1] via signal [SIGINT]
2026-04-02T17:57:05: PM2 log: App [genuai-api:0] starting in -fork mode-
2026-04-02T17:57:05: PM2 log: App [genuai-api:0] online
2026-04-02T17:57:09: PM2 log: App [genuai-api:0] exited with code [1] via signal [SIGINT]
2026-04-02T17:57:09: PM2 log: App [genuai-api:0] starting in -fork mode-
2026-04-02T17:57:09: PM2 log: App [genuai-api:0] online
2026-04-02T17:57:13: PM2 log: App [genuai-api:0] exited with code [1] via signal [SIGINT]
2026-04-02T17:57:13: PM2 log: App [genuai-api:0] starting in -fork mode-
2026-04-02T17:57:13: PM2 log: App [genuai-api:0] online
2026-04-02T17:57:17: PM2 log: App [genuai-api:0] exited with code [1] via signal [SIGINT]
2026-04-02T17:57:17: PM2 log: App [genuai-api:0] starting in -fork mode-
2026-04-02T17:57:17: PM2 log: App [genuai-api:0] online
2026-04-02T17:57:21: PM2 log: App [genuai-api:0] exited with code [1] via signal [SIGINT]
2026-04-02T17:57:21: PM2 log: App [genuai-api:0] starting in -fork mode-
2026-04-02T17:57:21: PM2 log: App [genuai-api:0] online
2026-04-02T17:57:25: PM2 log: App [genuai-api:0] exited with code [1] via signal [SIGINT]
2026-04-02T17:57:25: PM2 log: App [genuai-api:0] starting in -fork mode-
2026-04-02T17:57:25: PM2 log: App [genuai-api:0] online
2026-04-02T18:18:26: PM2 log: Stopping app:genuai-api id:0
2026-04-02T18:18:26: PM2 log: App [genuai-api:0] exited with code [0] via signal [SIGINT]
2026-04-02T18:18:26: PM2 log: pid=82951 msg=process killed
2026-04-02T18:18:26: PM2 log: App [genuai-api:0] starting in -fork mode-
2026-04-02T18:18:26: PM2 log: App [genuai-api:0] online
2026-04-02T18:31:48: PM2 log: Stopping app:genuai-api id:0
2026-04-02T18:31:48: PM2 log: App [genuai-api:0] exited with code [0] via signal [SIGINT]
2026-04-02T18:31:48: PM2 log: pid=83144 msg=process killed
2026-04-02T18:31:48: PM2 log: App [genuai-api:0] starting in -fork mode-
2026-04-02T18:31:48: PM2 log: App [genuai-api:0] online
2026-04-02T18:43:18: PM2 log: Stopping app:genuai-api id:0
2026-04-02T18:43:18: PM2 log: App [genuai-api:0] exited with code [0] via signal [SIGINT]
2026-04-02T18:43:19: PM2 log: pid=83601 msg=process killed
2026-04-02T18:43:19: PM2 log: App [genuai-api:0] starting in -fork mode-
2026-04-02T18:43:19: PM2 log: App [genuai-api:0] online
2026-04-03T10:16:12: PM2 log: Stopping app:genuai-api id:0
2026-04-03T10:16:12: PM2 log: App [genuai-api:0] exited with code [0] via signal [SIGINT]
2026-04-03T10:16:12: PM2 log: pid=83910 msg=process killed
2026-04-03T10:16:12: PM2 log: App [genuai-api:0] starting in -fork mode-
2026-04-03T10:16:12: PM2 log: App [genuai-api:0] online
2026-04-03T10:19:12: PM2 log: Stopping app:genuai-api id:0
2026-04-03T10:19:12: PM2 log: App [genuai-api:0] exited with code [0] via signal [SIGINT]
2026-04-03T10:19:12: PM2 log: pid=87660 msg=process killed
2026-04-03T10:19:12: PM2 log: App [genuai-api:0] starting in -fork mode-
2026-04-03T10:19:12: PM2 log: App [genuai-api:0] online
2026-04-03T10:19:16: PM2 log: App [genuai-api:0] exited with code [1] via signal [SIGINT]
2026-04-03T10:19:16: PM2 log: App [genuai-api:0] starting in -fork mode-
2026-04-03T10:19:16: PM2 log: App [genuai-api:0] online
2026-04-03T10:19:20: PM2 log: App [genuai-api:0] exited with code [1] via signal [SIGINT]
2026-04-03T10:19:20: PM2 log: App [genuai-api:0] starting in -fork mode-
2026-04-03T10:19:20: PM2 log: App [genuai-api:0] online
2026-04-03T10:19:24: PM2 log: App [genuai-api:0] exited with code [1] via signal [SIGINT]
2026-04-03T10:19:24: PM2 log: App [genuai-api:0] starting in -fork mode-
2026-04-03T10:19:24: PM2 log: App [genuai-api:0] online
2026-04-03T10:19:28: PM2 log: App [genuai-api:0] exited with code [1] via signal [SIGINT]
2026-04-03T10:19:28: PM2 log: App [genuai-api:0] starting in -fork mode-
2026-04-03T10:19:28: PM2 log: App [genuai-api:0] online
2026-04-03T10:19:32: PM2 log: App [genuai-api:0] exited with code [1] via signal [SIGINT]
2026-04-03T10:19:32: PM2 log: App [genuai-api:0] starting in -fork mode-
2026-04-03T10:19:32: PM2 log: App [genuai-api:0] online
2026-04-03T10:19:36: PM2 log: App [genuai-api:0] exited with code [1] via signal [SIGINT]
2026-04-03T10:19:36: PM2 log: App [genuai-api:0] starting in -fork mode-
2026-04-03T10:19:36: PM2 log: App [genuai-api:0] online
2026-04-03T10:19:40: PM2 log: App [genuai-api:0] exited with code [1] via signal [SIGINT]
2026-04-03T10:19:40: PM2 log: App [genuai-api:0] starting in -fork mode-
2026-04-03T10:19:40: PM2 log: App [genuai-api:0] online
2026-04-03T10:19:44: PM2 log: App [genuai-api:0] exited with code [1] via signal [SIGINT]
2026-04-03T10:19:44: PM2 log: App [genuai-api:0] starting in -fork mode-
2026-04-03T10:19:44: PM2 log: App [genuai-api:0] online
2026-04-03T10:19:48: PM2 log: App [genuai-api:0] exited with code [1] via signal [SIGINT]
2026-04-03T10:19:48: PM2 log: App [genuai-api:0] starting in -fork mode-
2026-04-03T10:19:48: PM2 log: App [genuai-api:0] online
2026-04-03T10:19:52: PM2 log: App [genuai-api:0] exited with code [1] via signal [SIGINT]
2026-04-03T10:19:52: PM2 log: App [genuai-api:0] starting in -fork mode-
2026-04-03T10:19:52: PM2 log: App [genuai-api:0] online
2026-04-03T10:19:56: PM2 log: App [genuai-api:0] exited with code [1] via signal [SIGINT]
2026-04-03T10:19:56: PM2 log: App [genuai-api:0] starting in -fork mode-
2026-04-03T10:19:56: PM2 log: App [genuai-api:0] online
2026-04-03T10:19:59: PM2 log: App [genuai-api:0] exited with code [1] via signal [SIGINT]
2026-04-03T10:19:59: PM2 log: App [genuai-api:0] starting in -fork mode-
2026-04-03T10:19:59: PM2 log: App [genuai-api:0] online
2026-04-03T10:20:07: PM2 log: App [genuai-api:0] exited with code [1] via signal [SIGINT]
2026-04-03T10:20:07: PM2 log: App [genuai-api:0] starting in -fork mode-
2026-04-03T10:20:07: PM2 log: App [genuai-api:0] online
2026-04-03T10:20:09: PM2 log: Stopping app:genuai-api id:0
2026-04-03T10:20:09: PM2 log: App [genuai-api:0] exited with code [0] via signal [SIGINT]
2026-04-03T10:20:09: PM2 log: pid=88027 msg=process killed
2026-04-03T10:20:09: PM2 log: App [genuai-api:0] starting in -fork mode-
2026-04-03T10:20:09: PM2 log: App [genuai-api:0] online
2026-04-03T10:20:35: PM2 log: Stopping app:genuai-api id:0
2026-04-03T10:20:36: PM2 log: App [genuai-api:0] exited with code [0] via signal [SIGINT]
2026-04-03T10:20:36: PM2 log: pid=88056 msg=process killed
2026-04-03T10:20:36: PM2 log: App [genuai-api:0] starting in -fork mode-
2026-04-03T10:20:36: PM2 log: App [genuai-api:0] online
2026-04-03T10:31:48: PM2 log: Stopping app:genuai-api id:0
2026-04-03T10:31:48: PM2 log: App [genuai-api:0] exited with code [0] via signal [SIGINT]
2026-04-03T10:31:48: PM2 log: pid=88116 msg=process killed
2026-04-03T10:31:48: PM2 log: App [genuai-api:0] starting in -fork mode-
2026-04-03T10:31:48: PM2 log: App [genuai-api:0] online
2026-04-03T16:24:16: PM2 log: Stopping app:genuai-api id:0
2026-04-03T16:24:16: PM2 log: App [genuai-api:0] exited with code [0] via signal [SIGINT]
2026-04-03T16:24:16: PM2 log: pid=88500 msg=process killed
2026-04-03T16:24:16: PM2 log: App [genuai-api:0] starting in -fork mode-
2026-04-03T16:24:16: PM2 log: App [genuai-api:0] online
2026-04-04T12:45:39: PM2 log: Stopping app:genuai-api id:0
2026-04-04T12:45:40: PM2 log: App [genuai-api:0] exited with code [0] via signal [SIGINT]
2026-04-04T12:45:40: PM2 log: pid=90182 msg=process killed
2026-04-04T12:45:40: PM2 log: App [genuai-api:0] starting in -fork mode-
2026-04-04T12:45:40: PM2 log: App [genuai-api:0] online
2026-04-04T17:10:18: PM2 log: Stopping app:genuai-api id:0
2026-04-04T17:10:19: PM2 log: App [genuai-api:0] exited with code [0] via signal [SIGINT]
2026-04-04T17:10:19: PM2 log: pid=100203 msg=process killed
2026-04-04T17:10:19: PM2 log: App [genuai-api:0] starting in -fork mode-
2026-04-04T17:10:19: PM2 log: App [genuai-api:0] online
2026-04-04T17:14:44: PM2 log: Stopping app:genuai-api id:0
2026-04-04T17:14:44: PM2 log: App [genuai-api:0] exited with code [0] via signal [SIGINT]
2026-04-04T17:14:44: PM2 log: pid=101791 msg=process killed
2026-04-04T17:14:44: PM2 log: App [genuai-api:0] starting in -fork mode-
2026-04-04T17:14:44: PM2 log: App [genuai-api:0] online
2026-04-05T05:08:12: PM2 log: Stopping app:genuai-api id:0
2026-04-05T05:08:12: PM2 log: App [genuai-api:0] exited with code [0] via signal [SIGINT]
2026-04-05T05:08:12: PM2 log: pid=101966 msg=process killed
2026-04-05T05:08:12: PM2 log: App [genuai-api:0] starting in -fork mode-
2026-04-05T05:08:12: PM2 log: App [genuai-api:0] online
